<?xml version="1.0" encoding="UTF-8"?>
<Site BuildName="Linux-g++"
	BuildStamp="20240220-0659-Experimental"
	Name="novutbuk"
	Generator="ctest-3.22.1"
	CompilerName="/usr/bin/g++"
	CompilerVersion=""
	OSName="Linux"
	Hostname="novutbuk"
	OSRelease="6.2.0-33-generic"
	OSVersion="#33~22.04.1-Ubuntu SMP PREEMPT_DYNAMIC Thu Sep  7 10:33:52 UTC 2"
	OSPlatform="x86_64"
	Is64Bits="1"
	VendorString="GenuineIntel"
	VendorID="Intel Corporation"
	FamilyID="6"
	ModelID="140"
	ProcessorCacheSize="6144"
	NumberOfLogicalCPU="4"
	NumberOfPhysicalCPU="2"
	TotalVirtualMemory="8964"
	TotalPhysicalMemory="7732"
	LogicalProcessorsPerPhysical="2"
	ProcessorClockFrequency="1400.01"
	>
	<Testing>
		<StartDateTime>Feb 20 13:59 +07</StartDateTime>
		<StartTestTime>1708412344</StartTestTime>
		<TestList/>
		<EndDateTime>Feb 20 13:59 +07</EndDateTime>
		<EndTestTime>1708412344</EndTestTime>
		<ElapsedMinutes>0</ElapsedMinutes>
	</Testing>
</Site>
